samples/media-provider/build/intermediates/manifest_merge_blame_file/debug/manifest-merger-blame-debug-report.txt
1<?xml version="1.0" encoding="utf-8"?>
2<!-- 全量形态：BridgeNodeService 由 core:full 的 aar manifest 自动合并（含 action + signature 权限），此处无需声明 Service。 -->
3<manifest xmlns:android="http://schemas.android.com/apk/res/android"
4    package="com.baic.media"
5    android:versionCode="1"
6    android:versionName="1.0" >
7
8    <uses-sdk
9        android:minSdkVersion="28"
10        android:targetSdkVersion="34" />
11
12    <permission
12-->[:core:lite] AndroidManifest.xml:11:5-13:47
13        android:name="com.baic.bridge.permission.LINK"
13-->[:core:lite] AndroidManifest.xml:12:9-55
14        android:protectionLevel="signature" />
14-->[:core:lite] AndroidManifest.xml:13:9-44
15
16    <uses-permission android:name="com.baic.bridge.permission.LINK" />
16-->[:core:lite] AndroidManifest.xml:15:5-71
16-->[:core:lite] AndroidManifest.xml:15:22-68
17
18    <application
18-->src/main/AndroidManifest.xml:4:5-14:19
19        android:name="com.baic.media.MediaApp"
19-->src/main/AndroidManifest.xml:5:9-33
20        android:allowBackup="false"
20-->src/main/AndroidManifest.xml:7:9-36
21        android:debuggable="true"
22        android:extractNativeLibs="false"
23        android:label="多媒体(Provider)" >
23-->src/main/AndroidManifest.xml:6:9-38
24        <activity
24-->src/main/AndroidManifest.xml:8:9-13:20
25            android:name="com.baic.media.MainActivity"
25-->src/main/AndroidManifest.xml:8:19-47
26            android:exported="true" >
26-->src/main/AndroidManifest.xml:8:48-71
27            <intent-filter>
27-->src/main/AndroidManifest.xml:9:13-12:29
28                <action android:name="android.intent.action.MAIN" />
28-->src/main/AndroidManifest.xml:10:17-69
28-->src/main/AndroidManifest.xml:10:25-66
29
30                <category android:name="android.intent.category.LAUNCHER" />
30-->src/main/AndroidManifest.xml:11:17-77
30-->src/main/AndroidManifest.xml:11:27-74
31            </intent-filter>
32        </activity>
33
34        <service
34-->[:core:full] AndroidManifest.xml:12:9-19:19
35            android:name="com.baic.bridge.core.full.BridgeNodeService"
35-->[:core:full] AndroidManifest.xml:13:13-71
36            android:exported="true"
36-->[:core:full] AndroidManifest.xml:14:13-36
37            android:permission="com.baic.bridge.permission.LINK" >
37-->[:core:full] AndroidManifest.xml:15:13-65
38            <intent-filter>
38-->[:core:full] AndroidManifest.xml:16:13-18:29
39                <action android:name="com.baic.bridge.NODE" />
39-->[:core:full] AndroidManifest.xml:17:17-63
39-->[:core:full] AndroidManifest.xml:17:25-60
40            </intent-filter>
41        </service>
42    </application>
43
44</manifest>